# JRE version: OpenJDK Runtime Environment (8.0_372-b07) (build 1.8.0_372-b07)
# Java VM: OpenJDK 64-Bit Server VM (25.372-b07 mixed mode windows-amd64 compressed oops)
Heap:
 PSYoungGen      total 227840K, used 150124K [0x00000000d5580000, 0x00000000eac00000, 0x0000000100000000)
  eden space 212992K, 64% used [0x00000000d5580000,0x00000000ddb4f6b8,0x00000000e2580000)
  from space 14848K, 88% used [0x00000000e2580000,0x00000000e324bd18,0x00000000e3400000)
  to   space 15872K, 0% used [0x00000000e9c80000,0x00000000e9c80000,0x00000000eac00000)
 ParOldGen       total 146944K, used 15751K [0x0000000080000000, 0x0000000088f80000, 0x00000000d5580000)
  object space 146944K, 10% used [0x0000000080000000,0x0000000080f61ee0,0x0000000088f80000)
 Metaspace       used 53939K, capacity 56462K, committed 56576K, reserved 1097728K
  class space    used 7446K, capacity 7881K, committed 7936K, reserved 1048576K
GC Heap History (10 events):
Event: 2.664 GC heap before
{Heap before GC invocations=5 (full 1):
 PSYoungGen      total 140800K, used 10491K [0x00000000d5580000, 0x00000000de980000, 0x0000000100000000)
  eden space 130048K, 0% used [0x00000000d5580000,0x00000000d5580000,0x00000000dd480000)
  from space 10752K, 97% used [0x00000000ddf00000,0x00000000de93eec0,0x00000000de980000)
  to   space 10752K, 0% used [0x00000000dd480000,0x00000000dd480000,0x00000000ddf00000)
 ParOldGen       total 173568K, used 292K [0x0000000080000000, 0x000000008a980000, 0x00000000d5580000)
  object space 173568K, 0% used [0x0000000080000000,0x0000000080049298,0x000000008a980000)
 Metaspace       used 20552K, capacity 21268K, committed 21296K, reserved 1067008K
  class space    used 3004K, capacity 3198K, committed 3200K, reserved 1048576K
Event: 2.684 GC heap after
Heap after GC invocations=5 (full 1):
 PSYoungGen      total 140800K, used 0K [0x00000000d5580000, 0x00000000de980000, 0x0000000100000000)
  eden space 130048K, 0% used [0x00000000d5580000,0x00000000d5580000,0x00000000dd480000)
  from space 10752K, 0% used [0x00000000ddf00000,0x00000000ddf00000,0x00000000de980000)
  to   space 10752K, 0% used [0x00000000dd480000,0x00000000dd480000,0x00000000ddf00000)
 ParOldGen       total 99328K, used 10171K [0x0000000080000000, 0x0000000086100000, 0x00000000d5580000)
  object space 99328K, 10% used [0x0000000080000000,0x00000000809eeed8,0x0000000086100000)
 Metaspace       used 20552K, capacity 21268K, committed 21296K, reserved 1067008K
  class space    used 3004K, capacity 3198K, committed 3200K, reserved 1048576K
}
Event: 3.698 GC heap before
{Heap before GC invocations=6 (full 1):
 PSYoungGen      total 140800K, used 130048K [0x00000000d5580000, 0x00000000de980000, 0x0000000100000000)
  eden space 130048K, 100% used [0x00000000d5580000,0x00000000dd480000,0x00000000dd480000)
  from space 10752K, 0% used [0x00000000ddf00000,0x00000000ddf00000,0x00000000de980000)
  to   space 10752K, 0% used [0x00000000dd480000,0x00000000dd480000,0x00000000ddf00000)
 ParOldGen       total 99328K, used 10171K [0x0000000080000000, 0x0000000086100000, 0x00000000d5580000)
  object space 99328K, 10% used [0x0000000080000000,0x00000000809eeed8,0x0000000086100000)
 Metaspace       used 32524K, capacity 33846K, committed 34176K, reserved 1079296K
  class space    used 4593K, capacity 4870K, committed 4992K, reserved 1048576K
Event: 3.711 GC heap after
Heap after GC invocations=6 (full 1):
 PSYoungGen      total 140800K, used 10743K [0x00000000d5580000, 0x00000000e4280000, 0x0000000100000000)
  eden space 130048K, 0% used [0x00000000d5580000,0x00000000d5580000,0x00000000dd480000)
  from space 10752K, 99% used [0x00000000dd480000,0x00000000ddefddd0,0x00000000ddf00000)
  to   space 14848K, 0% used [0x00000000e3400000,0x00000000e3400000,0x00000000e4280000)
 ParOldGen       total 99328K, used 12964K [0x0000000080000000, 0x0000000086100000, 0x00000000d5580000)
  object space 99328K, 13% used [0x0000000080000000,0x0000000080ca93c0,0x0000000086100000)
 Metaspace       used 32524K, capacity 33846K, committed 34176K, reserved 1079296K
  class space    used 4593K, capacity 4870K, committed 4992K, reserved 1048576K
}
Event: 3.894 GC heap before
{Heap before GC invocations=7 (full 1):
 PSYoungGen      total 140800K, used 39658K [0x00000000d5580000, 0x00000000e4280000, 0x0000000100000000)
  eden space 130048K, 22% used [0x00000000d5580000,0x00000000d71bcaa8,0x00000000dd480000)
  from space 10752K, 99% used [0x00000000dd480000,0x00000000ddefddd0,0x00000000ddf00000)
  to   space 14848K, 0% used [0x00000000e3400000,0x00000000e3400000,0x00000000e4280000)
 ParOldGen       total 99328K, used 12964K [0x0000000080000000, 0x0000000086100000, 0x00000000d5580000)
  object space 99328K, 13% used [0x0000000080000000,0x0000000080ca93c0,0x0000000086100000)
 Metaspace       used 33926K, capacity 35394K, committed 35496K, reserved 1079296K
  class space    used 4830K, capacity 5112K, committed 5120K, reserved 1048576K
Event: 3.903 GC heap after
Heap after GC invocations=7 (full 1):
 PSYoungGen      total 227840K, used 7965K [0x00000000d5580000, 0x00000000e4f80000, 0x0000000100000000)
  eden space 212992K, 0% used [0x00000000d5580000,0x00000000d5580000,0x00000000e2580000)
  from space 14848K, 53% used [0x00000000e3400000,0x00000000e3bc7620,0x00000000e4280000)
  to   space 14848K, 0% used [0x00000000e2580000,0x00000000e2580000,0x00000000e3400000)
 ParOldGen       total 99328K, used 12964K [0x0000000080000000, 0x0000000086100000, 0x00000000d5580000)
  object space 99328K, 13% used [0x0000000080000000,0x0000000080ca93c0,0x0000000086100000)
 Metaspace       used 33926K, capacity 35394K, committed 35496K, reserved 1079296K
  class space    used 4830K, capacity 5112K, committed 5120K, reserved 1048576K
}
Event: 3.903 GC heap before
{Heap before GC invocations=8 (full 2):
 PSYoungGen      total 227840K, used 7965K [0x00000000d5580000, 0x00000000e4f80000, 0x0000000100000000)
  eden space 212992K, 0% used [0x00000000d5580000,0x00000000d5580000,0x00000000e2580000)
  from space 14848K, 53% used [0x00000000e3400000,0x00000000e3bc7620,0x00000000e4280000)
  to   space 14848K, 0% used [0x00000000e2580000,0x00000000e2580000,0x00000000e3400000)
 ParOldGen       total 99328K, used 12964K [0x0000000080000000, 0x0000000086100000, 0x00000000d5580000)
  object space 99328K, 13% used [0x0000000080000000,0x0000000080ca93c0,0x0000000086100000)
 Metaspace       used 33926K, capacity 35394K, committed 35496K, reserved 1079296K
  class space    used 4830K, capacity 5112K, committed 5120K, reserved 1048576K
Event: 3.939 GC heap after
Heap after GC invocations=8 (full 2):
 PSYoungGen      total 227840K, used 0K [0x00000000d5580000, 0x00000000e4f80000, 0x0000000100000000)
  eden space 212992K, 0% used [0x00000000d5580000,0x00000000d5580000,0x00000000e2580000)
  from space 14848K, 0% used [0x00000000e3400000,0x00000000e3400000,0x00000000e4280000)
  to   space 14848K, 0% used [0x00000000e2580000,0x00000000e2580000,0x00000000e3400000)
 ParOldGen       total 146944K, used 15743K [0x0000000080000000, 0x0000000088f80000, 0x00000000d5580000)
  object space 146944K, 10% used [0x0000000080000000,0x0000000080f5fee0,0x0000000088f80000)
 Metaspace       used 33926K, capacity 35394K, committed 35496K, reserved 1079296K
  class space    used 4830K, capacity 5112K, committed 5120K, reserved 1048576K
}
Event: 5.282 GC heap before
{Heap before GC invocations=9 (full 2):
 PSYoungGen      total 227840K, used 212992K [0x00000000d5580000, 0x00000000e4f80000, 0x0000000100000000)
  eden space 212992K, 100% used [0x00000000d5580000,0x00000000e2580000,0x00000000e2580000)
  from space 14848K, 0% used [0x00000000e3400000,0x00000000e3400000,0x00000000e4280000)
  to   space 14848K, 0% used [0x00000000e2580000,0x00000000e2580000,0x00000000e3400000)
 ParOldGen       total 146944K, used 15743K [0x0000000080000000, 0x0000000088f80000, 0x00000000d5580000)
  object space 146944K, 10% used [0x0000000080000000,0x0000000080f5fee0,0x0000000088f80000)
 Metaspace       used 41512K, capacity 43788K, committed 43904K, reserved 1087488K
  class space    used 5841K, capacity 6219K, committed 6272K, reserved 1048576K
Event: 5.292 GC heap after
Heap after GC invocations=9 (full 2):
 PSYoungGen      total 227840K, used 13103K [0x00000000d5580000, 0x00000000eac00000, 0x0000000100000000)
  eden space 212992K, 0% used [0x00000000d5580000,0x00000000d5580000,0x00000000e2580000)
  from space 14848K, 88% used [0x00000000e2580000,0x00000000e324bd18,0x00000000e3400000)
  to   space 15872K, 0% used [0x00000000e9c80000,0x00000000e9c80000,0x00000000eac00000)
 ParOldGen       total 146944K, used 15751K [0x0000000080000000, 0x0000000088f80000, 0x00000000d5580000)
  object space 146944K, 10% used [0x0000000080000000,0x0000000080f61ee0,0x0000000088f80000)
 Metaspace       used 41512K, capacity 43788K, committed 43904K, reserved 1087488K
  class space    used 5841K, capacity 6219K, committed 6272K, reserved 1048576K
}

