# JRE version: OpenJDK Runtime Environment (1.8) (build 1.8+0-b2043.56-10027231)
# Java VM: OpenJDK 64-Bit Server VM (1.8+0-b2043.56-10027231, mixed mode, tiered, compressed oops, compressed class ptrs, g1 gc, windows-amd64)
GC Precious Log:
 CPUs: 8 total, 8 available
 Memory: 16221M
 Large Page Support: Disabled
 NUMA Support: Disabled
 Compressed Oops: Enabled (32-bit)
 Heap Region Size: 1M
 Heap Min Capacity: 8M
 Heap Initial Capacity: 254M
 Heap Max Capacity: 2G
 Pre-touch: Disabled
 Parallel Workers: 8
 Concurrent Workers: 2
 Concurrent Refinement Workers: 8
 Periodic GC: Disabled
Heap:
 garbage-first heap   total 260096K, used 157942K [0x0000000080000000, 0x0000000100000000)
  region size 1024K, 16 young (16384K), 6 survivors (6144K)
 Metaspace       used 103255K, committed 104128K, reserved 1146880K
  class space    used 13765K, committed 14208K, reserved 1048576K
GC Heap History (20 events):
Event: 7.970 GC heap before
{Heap before GC invocations=26 (full 0):
 garbage-first heap   total 242688K, used 168461K [0x0000000080000000, 0x0000000100000000)
  region size 1024K, 101 young (103424K), 7 survivors (7168K)
 Metaspace       used 65128K, committed 65728K, reserved 1105920K
  class space    used 8508K, committed 8768K, reserved 1048576K
}
Event: 7.978 GC heap after
{Heap after GC invocations=27 (full 0):
 garbage-first heap   total 242688K, used 83834K [0x0000000080000000, 0x0000000100000000)
  region size 1024K, 16 young (16384K), 16 survivors (16384K)
 Metaspace       used 65128K, committed 65728K, reserved 1105920K
  class space    used 8508K, committed 8768K, reserved 1048576K
}
Event: 8.852 GC heap before
{Heap before GC invocations=28 (full 0):
 garbage-first heap   total 242688K, used 159610K [0x0000000080000000, 0x0000000100000000)
  region size 1024K, 90 young (92160K), 16 survivors (16384K)
 Metaspace       used 72854K, committed 73472K, reserved 1114112K
  class space    used 9748K, committed 10048K, reserved 1048576K
}
Event: 8.862 GC heap after
{Heap after GC invocations=29 (full 0):
 garbage-first heap   total 242688K, used 90386K [0x0000000080000000, 0x0000000100000000)
  region size 1024K, 7 young (7168K), 7 survivors (7168K)
 Metaspace       used 72854K, committed 73472K, reserved 1114112K
  class space    used 9748K, committed 10048K, reserved 1048576K
}
Event: 9.396 GC heap before
{Heap before GC invocations=30 (full 0):
 garbage-first heap   total 242688K, used 168210K [0x0000000080000000, 0x0000000100000000)
  region size 1024K, 63 young (64512K), 7 survivors (7168K)
 Metaspace       used 77879K, committed 78528K, reserved 1122304K
  class space    used 10391K, committed 10688K, reserved 1048576K
}
Event: 9.402 GC heap after
{Heap after GC invocations=31 (full 0):
 garbage-first heap   total 242688K, used 120513K [0x0000000080000000, 0x0000000100000000)
  region size 1024K, 13 young (13312K), 13 survivors (13312K)
 Metaspace       used 77879K, committed 78528K, reserved 1122304K
  class space    used 10391K, committed 10688K, reserved 1048576K
}
Event: 10.340 GC heap before
{Heap before GC invocations=32 (full 0):
 garbage-first heap   total 242688K, used 186049K [0x0000000080000000, 0x0000000100000000)
  region size 1024K, 76 young (77824K), 13 survivors (13312K)
 Metaspace       used 87467K, committed 88128K, reserved 1130496K
  class space    used 11625K, committed 11904K, reserved 1048576K
}
Event: 10.351 GC heap after
{Heap after GC invocations=33 (full 0):
 garbage-first heap   total 242688K, used 124968K [0x0000000080000000, 0x0000000100000000)
  region size 1024K, 5 young (5120K), 5 survivors (5120K)
 Metaspace       used 87467K, committed 88128K, reserved 1130496K
  class space    used 11625K, committed 11904K, reserved 1048576K
}
Event: 10.843 GC heap before
{Heap before GC invocations=33 (full 0):
 garbage-first heap   total 242688K, used 188456K [0x0000000080000000, 0x0000000100000000)
  region size 1024K, 68 young (69632K), 5 survivors (5120K)
 Metaspace       used 89252K, committed 89920K, reserved 1130496K
  class space    used 11995K, committed 12352K, reserved 1048576K
}
Event: 10.852 GC heap after
{Heap after GC invocations=34 (full 0):
 garbage-first heap   total 242688K, used 128065K [0x0000000080000000, 0x0000000100000000)
  region size 1024K, 8 young (8192K), 8 survivors (8192K)
 Metaspace       used 89252K, committed 89920K, reserved 1130496K
  class space    used 11995K, committed 12352K, reserved 1048576K
}
Event: 11.445 GC heap before
{Heap before GC invocations=35 (full 0):
 garbage-first heap   total 242688K, used 192577K [0x0000000080000000, 0x0000000100000000)
  region size 1024K, 72 young (73728K), 8 survivors (8192K)
 Metaspace       used 93500K, committed 94272K, reserved 1138688K
  class space    used 12584K, committed 12928K, reserved 1048576K
}
Event: 11.452 GC heap after
{Heap after GC invocations=36 (full 0):
 garbage-first heap   total 242688K, used 131858K [0x0000000080000000, 0x0000000100000000)
  region size 1024K, 9 young (9216K), 9 survivors (9216K)
 Metaspace       used 93500K, committed 94272K, reserved 1138688K
  class space    used 12584K, committed 12928K, reserved 1048576K
}
Event: 11.463 GC heap before
{Heap before GC invocations=36 (full 0):
 garbage-first heap   total 242688K, used 133906K [0x0000000080000000, 0x0000000100000000)
  region size 1024K, 11 young (11264K), 9 survivors (9216K)
 Metaspace       used 93549K, committed 94272K, reserved 1138688K
  class space    used 12594K, committed 12928K, reserved 1048576K
}
Event: 11.467 GC heap after
{Heap after GC invocations=37 (full 0):
 garbage-first heap   total 242688K, used 132406K [0x0000000080000000, 0x0000000100000000)
  region size 1024K, 2 young (2048K), 2 survivors (2048K)
 Metaspace       used 93549K, committed 94272K, reserved 1138688K
  class space    used 12594K, committed 12928K, reserved 1048576K
}
Event: 12.023 GC heap before
{Heap before GC invocations=37 (full 0):
 garbage-first heap   total 242688K, used 194870K [0x0000000080000000, 0x0000000100000000)
  region size 1024K, 64 young (65536K), 2 survivors (2048K)
 Metaspace       used 98917K, committed 99712K, reserved 1138688K
  class space    used 13252K, committed 13632K, reserved 1048576K
}
Event: 12.030 GC heap after
{Heap after GC invocations=38 (full 0):
 garbage-first heap   total 242688K, used 136136K [0x0000000080000000, 0x0000000100000000)
  region size 1024K, 5 young (5120K), 5 survivors (5120K)
 Metaspace       used 98917K, committed 99712K, reserved 1138688K
  class space    used 13252K, committed 13632K, reserved 1048576K
}
Event: 27.169 GC heap before
{Heap before GC invocations=38 (full 0):
 garbage-first heap   total 242688K, used 197576K [0x0000000080000000, 0x0000000100000000)
  region size 1024K, 66 young (67584K), 5 survivors (5120K)
 Metaspace       used 101685K, committed 102464K, reserved 1138688K
  class space    used 13511K, committed 13888K, reserved 1048576K
}
Event: 27.177 GC heap after
{Heap after GC invocations=39 (full 0):
 garbage-first heap   total 242688K, used 143811K [0x0000000080000000, 0x0000000100000000)
  region size 1024K, 8 young (8192K), 8 survivors (8192K)
 Metaspace       used 101685K, committed 102464K, reserved 1138688K
  class space    used 13511K, committed 13888K, reserved 1048576K
}
Event: 28.287 GC heap before
{Heap before GC invocations=39 (full 0):
 garbage-first heap   total 242688K, used 199107K [0x0000000080000000, 0x0000000100000000)
  region size 1024K, 63 young (64512K), 8 survivors (8192K)
 Metaspace       used 103224K, committed 104064K, reserved 1146880K
  class space    used 13769K, committed 14208K, reserved 1048576K
}
Event: 28.296 GC heap after
{Heap after GC invocations=40 (full 0):
 garbage-first heap   total 242688K, used 149750K [0x0000000080000000, 0x0000000100000000)
  region size 1024K, 6 young (6144K), 6 survivors (6144K)
 Metaspace       used 103224K, committed 104064K, reserved 1146880K
  class space    used 13769K, committed 14208K, reserved 1048576K
}

